<?xml version="1.0" encoding="UTF-8"?>
<testng-results ignored="0" total="2" passed="2" failed="0" skipped="0">
  <reporter-output>
  </reporter-output>
  <suite started-at="2023-05-25T13:57:18 IST" name="Suite" finished-at="2023-05-25T13:57:22 IST" duration-ms="4419">
    <groups>
    </groups>
    <test started-at="2023-05-25T13:57:18 IST" name="Test" finished-at="2023-05-25T13:57:22 IST" duration-ms="4419">
      <class name="test_scripts.Login_Script">
        <test-method is-config="true" signature="openAppln()[pri:0, instance:test_scripts.Login_Script@66498326]" started-at="2023-05-25T13:57:18 IST" name="openAppln" finished-at="2023-05-25T13:57:20 IST" duration-ms="2263" status="PASS">
          <reporter-output>
          </reporter-output>
        </test-method> <!-- openAppln -->
        <test-method signature="validLogin(java.lang.String,java.lang.String)[pri:0, instance:test_scripts.Login_Script@66498326]" started-at="2023-05-25T13:57:20 IST" name="validLogin" data-provider="testdata" finished-at="2023-05-25T13:57:20 IST" duration-ms="232" status="PASS">
          <params>
            <param index="0">
              <value>
                <![CDATA[santhosh]]>
              </value>
            </param>
            <param index="1">
              <value>
                <![CDATA[selenium]]>
              </value>
            </param>
          </params>
          <reporter-output>
          </reporter-output>
        </test-method> <!-- validLogin -->
        <test-method is-config="true" signature="closeAppln()[pri:0, instance:test_scripts.Login_Script@66498326]" started-at="2023-05-25T13:57:20 IST" name="closeAppln" finished-at="2023-05-25T13:57:20 IST" duration-ms="118" status="PASS">
          <reporter-output>
          </reporter-output>
        </test-method> <!-- closeAppln -->
        <test-method is-config="true" signature="openAppln()[pri:0, instance:test_scripts.Login_Script@66498326]" started-at="2023-05-25T13:57:20 IST" name="openAppln" finished-at="2023-05-25T13:57:22 IST" duration-ms="1449" status="PASS">
          <reporter-output>
          </reporter-output>
        </test-method> <!-- openAppln -->
        <test-method signature="validLogin(java.lang.String,java.lang.String)[pri:0, instance:test_scripts.Login_Script@66498326]" started-at="2023-05-25T13:57:22 IST" name="validLogin" data-provider="testdata" finished-at="2023-05-25T13:57:22 IST" duration-ms="214" status="PASS">
          <params>
            <param index="0">
              <value>
                <![CDATA[kushal]]>
              </value>
            </param>
            <param index="1">
              <value>
                <![CDATA[appium]]>
              </value>
            </param>
          </params>
          <reporter-output>
          </reporter-output>
        </test-method> <!-- validLogin -->
        <test-method is-config="true" signature="closeAppln()[pri:0, instance:test_scripts.Login_Script@66498326]" started-at="2023-05-25T13:57:22 IST" name="closeAppln" finished-at="2023-05-25T13:57:22 IST" duration-ms="112" status="PASS">
          <reporter-output>
          </reporter-output>
        </test-method> <!-- closeAppln -->
      </class> <!-- test_scripts.Login_Script -->
    </test> <!-- Test -->
  </suite> <!-- Suite -->
</testng-results>
